<?xml version="1.0" encoding="UTF-8"?>
<testng-results skipped="0" failed="0" total="1" passed="1">
  <reporter-output>
  </reporter-output>
  <suite name="Default suite" duration-ms="20790" started-at="2019-12-02T09:38:57Z" finished-at="2019-12-02T09:39:18Z">
    <groups>
    </groups>
    <test name="Default test" duration-ms="20790" started-at="2019-12-02T09:38:57Z" finished-at="2019-12-02T09:39:18Z">
      <class name="DriverFactory.Driverscript1">
        <test-method status="PASS" signature="starttest()[pri:0, instance:DriverFactory.Driverscript1@2a5ca609]" name="starttest" duration-ms="20763" started-at="2019-12-02T15:08:57Z" finished-at="2019-12-02T15:09:18Z">
          <reporter-output>
          </reporter-output>
        </test-method> <!-- starttest -->
      </class> <!-- DriverFactory.Driverscript1 -->
    </test> <!-- Default test -->
  </suite> <!-- Default suite -->
</testng-results>
